<?xml version="1.0" encoding="UTF-8"?>
<testng-results ignored="0" total="2" passed="2" failed="0" skipped="0">
  <reporter-output>
  </reporter-output>
  <suite started-at="2023-01-24T15:18:55 IST" name="Suite" finished-at="2023-01-24T15:18:59 IST" duration-ms="4204">
    <groups>
    </groups>
    <test started-at="2023-01-24T15:18:55 IST" name="Test" finished-at="2023-01-24T15:18:58 IST" duration-ms="2814">
      <class name="testNgPack.SelectBrowser">
        <test-method signature="openBrowser(java.lang.String,java.lang.String)[pri:0, instance:testNgPack.SelectBrowser@e7edb54]" started-at="2023-01-24T15:18:55 IST" name="openBrowser" finished-at="2023-01-24T15:18:58 IST" duration-ms="2751" status="PASS">
          <params>
            <param index="0">
              <value>
                <![CDATA[chrome]]>
              </value>
            </param>
            <param index="1">
              <value>
                <![CDATA[http://www.google.com]]>
              </value>
            </param>
          </params>
          <reporter-output>
          </reporter-output>
        </test-method> <!-- openBrowser -->
      </class> <!-- testNgPack.SelectBrowser -->
    </test> <!-- Test -->
    <test started-at="2023-01-24T15:18:58 IST" name="Test2" finished-at="2023-01-24T15:18:59 IST" duration-ms="1268">
      <class name="testNgPack.SelectBrowser">
        <test-method signature="openBrowser(java.lang.String,java.lang.String)[pri:0, instance:testNgPack.SelectBrowser@16a0ee18]" started-at="2023-01-24T15:18:58 IST" name="openBrowser" finished-at="2023-01-24T15:18:59 IST" duration-ms="1263" status="PASS">
          <params>
            <param index="0">
              <value>
                <![CDATA[firefox]]>
              </value>
            </param>
            <param index="1">
              <value>
                <![CDATA[http://www.google.com]]>
              </value>
            </param>
          </params>
          <reporter-output>
          </reporter-output>
        </test-method> <!-- openBrowser -->
      </class> <!-- testNgPack.SelectBrowser -->
    </test> <!-- Test2 -->
  </suite> <!-- Suite -->
</testng-results>
