<?xml version="1.0" encoding="UTF-8"?>
<!-- Generated by org.testng.reporters.JUnitXMLReporter -->
<testsuite ignored="2" hostname="DESKTOP-7R54CV9" failures="1" tests="1" name="Test(failed)" time="0.097" errors="0" timestamp="2023-01-21T11:58:39 IST">
  <testcase classname="testNgPack.Demo" name="f2" time="0.014">
    <failure type="java.lang.ArithmeticException" message="/ by zero">
      <![CDATA[java.lang.ArithmeticException: / by zero
at testNgPack.Demo.f2(Demo.java:22)
at java.base/java.util.ArrayList.forEach(ArrayList.java:1511)
... Removed 27 stack frames]]>
    </failure>
  </testcase> <!-- f2 -->
  <testcase classname="testNgPack.Demo" name="f" time="0.0">
    <ignored/>
  </testcase> <!-- f -->
  <testcase classname="testNgPack.Demo" name="f1" time="0.0">
    <ignored/>
  </testcase> <!-- f1 -->
</testsuite> <!-- Test(failed) -->
